<?xml version="1.0" encoding="UTF-8" standalone="yes"?>
<students>
<student><birthDate>2011-10-15T23:56:15-04:00</birthDate><economicDisadvantaged>false</economicDisadvantaged><firstName>Harlan</firstName><hispanicLatinoEthnicity>false</hispanicLatinoEthnicity><lastSurname>Dennis</lastSurname><multipleBirthStatus>false</multipleBirthStatus><sex>male</sex><studentId>20124</studentId><studentSchoolId>129850549</studentSchoolId></student>
<student><birthDate>1998-03-02T00:00:00-05:00</birthDate><economicDisadvantaged>false</economicDisadvantaged><firstName>Elizabeth</firstName><hispanicLatinoEthnicity>false</hispanicLatinoEthnicity><lastSurname>Joseph</lastSurname><multipleBirthStatus>false</multipleBirthStatus><sex>Female</sex><studentId>20125</studentId><studentSchoolId>198051567</studentSchoolId></student>
<student><birthDate>2005-02-19T00:00:00-05:00</birthDate><economicDisadvantaged>false</economicDisadvantaged><firstName>Justine</firstName><hispanicLatinoEthnicity>false</hispanicLatinoEthnicity><lastSurname>Grant</lastSurname><multipleBirthStatus>false</multipleBirthStatus><sex>Male</sex><studentId>20126</studentId><studentSchoolId>270786717</studentSchoolId></student>
<student><birthDate>1997-09-05T00:00:00-04:00</birthDate><economicDisadvantaged>false</economicDisadvantaged><firstName>Clinton</firstName><hispanicLatinoEthnicity>false</hispanicLatinoEthnicity><lastSurname>Gallagher</lastSurname><multipleBirthStatus>false</multipleBirthStatus><sex>Male</sex><studentId>20127</studentId><studentSchoolId>433548564</studentSchoolId></student>
<student><birthDate>2011-10-17T23:32:54-04:00</birthDate><economicDisadvantaged>false</economicDisadvantaged><firstName>Alexander</firstName><hispanicLatinoEthnicity>false</hispanicLatinoEthnicity><lastSurname>Lucas</lastSurname><multipleBirthStatus>false</multipleBirthStatus><sex>male</sex><studentId>20294</studentId><studentSchoolId>165941424</studentSchoolId></student>
<student><birthDate>1998-06-27T00:00:00-04:00</birthDate><economicDisadvantaged>false</economicDisadvantaged><firstName>Kareem</firstName><hispanicLatinoEthnicity>false</hispanicLatinoEthnicity><lastSurname>Lawson</lastSurname><multipleBirthStatus>false</multipleBirthStatus><sex>Male</sex><studentId>20129</studentId><studentSchoolId>697315394</studentSchoolId></student>
<student><birthDate>1999-03-24T00:00:00-05:00</birthDate><economicDisadvantaged>false</economicDisadvantaged><firstName>Fletcher</firstName><hispanicLatinoEthnicity>false</hispanicLatinoEthnicity><lastSurname>Mclean</lastSurname><multipleBirthStatus>false</multipleBirthStatus><sex>Male</sex><studentId>20130</studentId><studentSchoolId>965608963</studentSchoolId></student>
<student><birthDate>2005-09-13T00:00:00-04:00</birthDate><economicDisadvantaged>false</economicDisadvantaged><firstName>Felix</firstName><hispanicLatinoEthnicity>false</hispanicLatinoEthnicity><lastSurname>Clayton</lastSurname><multipleBirthStatus>false</multipleBirthStatus><sex>Male</sex><studentId>20131</studentId><studentSchoolId>810222985</studentSchoolId></student>
</students>